*** Starting uWSGI 2.0.15 (64bit) on [Wed Jul  5 17:29:00 2017] ***
compiled with version: 4.8.5 20150623 (Red Hat 4.8.5-11) on 05 July 2017 14:31:52
os: Linux-3.10.0-514.16.1.el7.x86_64 #1 SMP Wed Apr 12 15:04:24 UTC 2017
nodename: iZwz9gzcgu4mqfuxb6klrwZ
machine: x86_64
clock source: unix
pcre jit disabled
detected number of CPU cores: 1
current working directory: /home/django/dog
detected binary path: /usr/bin/uwsgi
uWSGI running as root, you can use --uid/--gid/--chroot options
*** WARNING: you are running uWSGI as root !!! (use the --uid flag) *** 
chdir() to /home/django/dog
*** WARNING: you are running uWSGI without its master process manager ***
your processes number limit is 65535
your memory page size is 4096 bytes
detected max file descriptor number: 65535
lock engine: pthread robust mutexes
thunder lock: disabled (you can enable it with --thunder-lock)
uwsgi socket 0 bound to TCP address :8077 fd 3
Python version: 2.7.5 (default, Nov  6 2016, 00:28:07)  [GCC 4.8.5 20150623 (Red Hat 4.8.5-11)]
*** Python threads support is disabled. You can enable it with --enable-threads ***
Python main interpreter initialized at 0x9fcdb0
your server socket listen backlog is limited to 100 connections
your mercy for graceful operations on workers is 60 seconds
mapped 291072 bytes (284 KB) for 4 cores
*** Operational MODE: preforking ***
WSGI app 0 (mountpoint='') ready in 0 seconds on interpreter 0x9fcdb0 pid: 23179 (default app)
*** uWSGI is running in multiple interpreter mode ***
spawned uWSGI worker 1 (pid: 23179, cores: 1)
spawned uWSGI worker 2 (pid: 23184, cores: 1)
spawned uWSGI worker 3 (pid: 23185, cores: 1)
spawned uWSGI worker 4 (pid: 23186, cores: 1)
invalid request block size: 21573 (max 4096)...skip
invalid request block size: 21573 (max 4096)...skip
invalid request block size: 21573 (max 4096)...skip
invalid request block size: 21573 (max 4096)...skip
invalid request block size: 21573 (max 4096)...skip
invalid request block size: 21573 (max 4096)...skip
invalid request block size: 21573 (max 4096)...skip
invalid request block size: 21573 (max 4096)...skip
invalid request block size: 21573 (max 4096)...skip
invalid request block size: 21573 (max 4096)...skip
invalid request block size: 21573 (max 4096)...skip
*** Starting uWSGI 2.0.15 (64bit) on [Wed Jul  5 17:41:05 2017] ***
compiled with version: 4.8.5 20150623 (Red Hat 4.8.5-11) on 05 July 2017 14:31:52
os: Linux-3.10.0-514.16.1.el7.x86_64 #1 SMP Wed Apr 12 15:04:24 UTC 2017
nodename: iZwz9gzcgu4mqfuxb6klrwZ
machine: x86_64
clock source: unix
pcre jit disabled
detected number of CPU cores: 1
current working directory: /home/django/dog
detected binary path: /usr/bin/uwsgi
uWSGI running as root, you can use --uid/--gid/--chroot options
*** WARNING: you are running uWSGI as root !!! (use the --uid flag) *** 
chdir() to /home/django/dog
*** WARNING: you are running uWSGI without its master process manager ***
your processes number limit is 65535
your memory page size is 4096 bytes
detected max file descriptor number: 65535
lock engine: pthread robust mutexes
thunder lock: disabled (you can enable it with --thunder-lock)
uwsgi socket 0 bound to TCP address :8077 fd 3
Python version: 2.7.5 (default, Nov  6 2016, 00:28:07)  [GCC 4.8.5 20150623 (Red Hat 4.8.5-11)]
*** Python threads support is disabled. You can enable it with --enable-threads ***
Python main interpreter initialized at 0x165ddb0
your server socket listen backlog is limited to 100 connections
your mercy for graceful operations on workers is 60 seconds
mapped 291072 bytes (284 KB) for 4 cores
*** Operational MODE: preforking ***
WSGI app 0 (mountpoint='') ready in 0 seconds on interpreter 0x165ddb0 pid: 23227 (default app)
*** uWSGI is running in multiple interpreter mode ***
spawned uWSGI worker 1 (pid: 23227, cores: 1)
spawned uWSGI worker 2 (pid: 23232, cores: 1)
spawned uWSGI worker 3 (pid: 23233, cores: 1)
spawned uWSGI worker 4 (pid: 23234, cores: 1)
*** Starting uWSGI 2.0.15 (64bit) on [Wed Jul  5 19:38:20 2017] ***
compiled with version: 4.8.5 20150623 (Red Hat 4.8.5-11) on 05 July 2017 14:31:52
os: Linux-3.10.0-514.16.1.el7.x86_64 #1 SMP Wed Apr 12 15:04:24 UTC 2017
nodename: iZwz9gzcgu4mqfuxb6klrwZ
machine: x86_64
clock source: unix
pcre jit disabled
detected number of CPU cores: 1
current working directory: /home/django/dog
detected binary path: /usr/bin/uwsgi
uWSGI running as root, you can use --uid/--gid/--chroot options
*** WARNING: you are running uWSGI as root !!! (use the --uid flag) *** 
chdir() to /home/django/dog
*** WARNING: you are running uWSGI without its master process manager ***
your processes number limit is 65535
your memory page size is 4096 bytes
detected max file descriptor number: 65535
lock engine: pthread robust mutexes
thunder lock: disabled (you can enable it with --thunder-lock)
uwsgi socket 0 bound to TCP address :8077 fd 3
Python version: 2.7.5 (default, Nov  6 2016, 00:28:07)  [GCC 4.8.5 20150623 (Red Hat 4.8.5-11)]
*** Python threads support is disabled. You can enable it with --enable-threads ***
Python main interpreter initialized at 0x1615db0
your server socket listen backlog is limited to 100 connections
your mercy for graceful operations on workers is 60 seconds
mapped 291072 bytes (284 KB) for 4 cores
*** Operational MODE: preforking ***
WSGI app 0 (mountpoint='') ready in 0 seconds on interpreter 0x1615db0 pid: 23512 (default app)
*** uWSGI is running in multiple interpreter mode ***
spawned uWSGI worker 1 (pid: 23512, cores: 1)
spawned uWSGI worker 2 (pid: 23517, cores: 1)
spawned uWSGI worker 3 (pid: 23518, cores: 1)
spawned uWSGI worker 4 (pid: 23519, cores: 1)
[pid: 23512|app: 0|req: 1/1] 42.198.39.44 () {44 vars in 730 bytes} [Wed Jul  5 11:38:23 2017] GET / => generated 1767 bytes in 7 msecs (HTTP/1.1 200) 2 headers in 73 bytes (1 switches on core 0)
[pid: 23517|app: 0|req: 1/2] 42.198.39.44 () {42 vars in 699 bytes} [Wed Jul  5 11:38:58 2017] GET / => generated 1767 bytes in 7 msecs (HTTP/1.1 200) 2 headers in 73 bytes (1 switches on core 0)
